<?xml version="1.0" encoding="UTF-8"?>
<!-- Generated by org.testng.reporters.JUnitReportReporter -->
<testsuite hostname="YH1013109LT" failures="0" tests="1" name="com.testcases.UniCornTest" time="69.403" errors="0" timestamp="2022-01-20T15:46:27 IST" skipped="0">
  <testcase classname="com.testcases.UniCornTest" name="dealDetailsSec" time="69.403"/>
  <system-out/>
</testsuite> <!-- com.testcases.UniCornTest -->
